Testsuite: gov.nasa.jpf.test.vm.basic.AssertTest
Tests run: 7, Failures: 0, Errors: 0, Skipped: 0, Time elapsed: 1.07 sec
------------- Standard Output ---------------
  running jpf with args:
[WARNING] unknown classpath element: /Users/nshafiei/workspace-jpf/nhandler-ws/jpf-nhandler/build/jpf-nhandler-classes.jar
JavaPathfinder core system v8.0 (rev 32) - (C) 2005-2014 United States Government. All rights reserved.


====================================================== system under test
gov.nasa.jpf.test.vm.basic.AssertTest.runTestMethod()

====================================================== search started: 2/7/17 12:41 PM

====================================================== error 1
gov.nasa.jpf.vm.NoUncaughtExceptionsProperty
java.lang.AssertionError: oops, assertion failed
	at gov.nasa.jpf.test.vm.basic.AssertTest.testAssertionViolation(AssertTest.java:37)
	at java.lang.reflect.Method.invoke(gov.nasa.jpf.vm.JPF_java_lang_reflect_Method)
	at gov.nasa.jpf.util.test.TestJPF.runTestMethod(TestJPF.java:648)


====================================================== snapshot #1
thread java.lang.Thread:{id:0,name:main,status:RUNNING,priority:5,isDaemon:false,lockCount:0,suspendCount:0}
  call stack:
	at gov.nasa.jpf.util.test.TestJPF.runTestMethod(TestJPF.java:650)


====================================================== results
error #1: gov.nasa.jpf.vm.NoUncaughtExceptionsProperty "java.lang.AssertionError: oops, assertion failed  ..."

====================================================== search finished: 2/7/17 12:41 PM
  running jpf with args: +vm.disable_assertions=*AssertTest
[WARNING] unknown classpath element: /Users/nshafiei/workspace-jpf/nhandler-ws/jpf-nhandler/build/jpf-nhandler-classes.jar
JavaPathfinder core system v8.0 (rev 32) - (C) 2005-2014 United States Government. All rights reserved.


====================================================== system under test
gov.nasa.jpf.test.vm.basic.AssertTest.runTestMethod()

====================================================== search started: 2/7/17 12:41 PM

====================================================== results
no errors detected

====================================================== search finished: 2/7/17 12:41 PM
  running jpf with args:
[WARNING] unknown classpath element: /Users/nshafiei/workspace-jpf/nhandler-ws/jpf-nhandler/build/jpf-nhandler-classes.jar
JavaPathfinder core system v8.0 (rev 32) - (C) 2005-2014 United States Government. All rights reserved.


====================================================== system under test
gov.nasa.jpf.test.vm.basic.AssertTest.runTestMethod()

====================================================== search started: 2/7/17 12:41 PM
[WARNING] orphan NativePeer method: java.net.URLClassLoader.<init>()V
[WARNING] orphan NativePeer method: java.net.URLClassLoader.<init>(Ljava/lang/ClassLoader;)V

====================================================== results
no errors detected

====================================================== search finished: 2/7/17 12:41 PM
  running jpf with args:
[WARNING] unknown classpath element: /Users/nshafiei/workspace-jpf/nhandler-ws/jpf-nhandler/build/jpf-nhandler-classes.jar
JavaPathfinder core system v8.0 (rev 32) - (C) 2005-2014 United States Government. All rights reserved.


====================================================== system under test
gov.nasa.jpf.test.vm.basic.AssertTest.runTestMethod()

====================================================== search started: 2/7/17 12:41 PM

====================================================== error 1
gov.nasa.jpf.vm.NoUncaughtExceptionsProperty
java.lang.AssertionError: oops, assertion failed
	at gov.nasa.jpf.test.vm.basic.AssertTest.testSetClassAssertionStatus1(AssertTest.java:66)
	at java.lang.reflect.Method.invoke(gov.nasa.jpf.vm.JPF_java_lang_reflect_Method)
	at gov.nasa.jpf.util.test.TestJPF.runTestMethod(TestJPF.java:648)


====================================================== snapshot #1
thread java.lang.Thread:{id:0,name:main,status:RUNNING,priority:5,isDaemon:false,lockCount:0,suspendCount:0}
  call stack:
	at gov.nasa.jpf.util.test.TestJPF.runTestMethod(TestJPF.java:650)


====================================================== results
error #1: gov.nasa.jpf.vm.NoUncaughtExceptionsProperty "java.lang.AssertionError: oops, assertion failed  ..."

====================================================== search finished: 2/7/17 12:41 PM
  running jpf with args:
[WARNING] unknown classpath element: /Users/nshafiei/workspace-jpf/nhandler-ws/jpf-nhandler/build/jpf-nhandler-classes.jar
JavaPathfinder core system v8.0 (rev 32) - (C) 2005-2014 United States Government. All rights reserved.


====================================================== system under test
gov.nasa.jpf.test.vm.basic.AssertTest.runTestMethod()

====================================================== search started: 2/7/17 12:41 PM
[WARNING] orphan NativePeer method: java.net.URLClassLoader.<init>()V
[WARNING] orphan NativePeer method: java.net.URLClassLoader.<init>(Ljava/lang/ClassLoader;)V

====================================================== results
no errors detected

====================================================== search finished: 2/7/17 12:41 PM
  running jpf with args:
[WARNING] unknown classpath element: /Users/nshafiei/workspace-jpf/nhandler-ws/jpf-nhandler/build/jpf-nhandler-classes.jar
JavaPathfinder core system v8.0 (rev 32) - (C) 2005-2014 United States Government. All rights reserved.


====================================================== system under test
gov.nasa.jpf.test.vm.basic.AssertTest.runTestMethod()

====================================================== search started: 2/7/17 12:41 PM
[WARNING] orphan NativePeer method: java.net.URLClassLoader.<init>()V
[WARNING] orphan NativePeer method: java.net.URLClassLoader.<init>(Ljava/lang/ClassLoader;)V

====================================================== results
no errors detected

====================================================== search finished: 2/7/17 12:41 PM
  running jpf with args: +vm.disable_assertions=*
[WARNING] unknown classpath element: /Users/nshafiei/workspace-jpf/nhandler-ws/jpf-nhandler/build/jpf-nhandler-classes.jar
JavaPathfinder core system v8.0 (rev 32) - (C) 2005-2014 United States Government. All rights reserved.


====================================================== system under test
gov.nasa.jpf.test.vm.basic.AssertTest.runTestMethod()

====================================================== search started: 2/7/17 12:41 PM
[WARNING] orphan NativePeer method: java.net.URLClassLoader.<init>()V
[WARNING] orphan NativePeer method: java.net.URLClassLoader.<init>(Ljava/lang/ClassLoader;)V

====================================================== results
no errors detected

====================================================== search finished: 2/7/17 12:41 PM
------------- ---------------- ---------------

Testcase: testAssertionViolation took 0.406 sec
Testcase: testNoAssertionViolation took 0.115 sec
Testcase: testSetDefaultAssertionStatus took 0.144 sec
Testcase: testSetClassAssertionStatus1 took 0.092 sec
Testcase: testSetClassAssertionStatus2 took 0.112 sec
Testcase: testSetPackageAssertionStatus took 0.088 sec
Testcase: testClearAssertionStatus took 0.098 sec
