Testsuite: gov.nasa.jpf.test.mc.data.RandomTest
Tests run: 3, Failures: 0, Errors: 0, Skipped: 0, Time elapsed: 0.63 sec
------------- Standard Output ---------------
  running jpf with args: +search.class=gov.nasa.jpf.search.heuristic.BFSHeuristic
[WARNING] unknown classpath element: /Users/nshafiei/workspace-jpf/nhandler-ws/jpf-nhandler/build/jpf-nhandler-classes.jar
JavaPathfinder core system v8.0 (rev 32) - (C) 2005-2014 United States Government. All rights reserved.


====================================================== system under test
gov.nasa.jpf.test.mc.data.RandomTest.runTestMethod()

====================================================== search started: 2/7/17 12:40 PM
0
1
2
3

====================================================== results
no errors detected

====================================================== search finished: 2/7/17 12:40 PM
  running jpf with args: +cg.enumerate_random=true
[WARNING] unknown classpath element: /Users/nshafiei/workspace-jpf/nhandler-ws/jpf-nhandler/build/jpf-nhandler-classes.jar
JavaPathfinder core system v8.0 (rev 32) - (C) 2005-2014 United States Government. All rights reserved.


====================================================== system under test
gov.nasa.jpf.test.mc.data.RandomTest.runTestMethod()

====================================================== search started: 2/7/17 12:40 PM
a=0
a=0,b=0
a=0,b=0,c=0
a=0,b=1
a=0,b=1,c=0
a=0,b=2

====================================================== error 1
gov.nasa.jpf.vm.NoUncaughtExceptionsProperty
java.lang.ArithmeticException: division by zero
	at gov.nasa.jpf.test.mc.data.RandomTest.testJavaUtilRandom(RandomTest.java:86)
	at java.lang.reflect.Method.invoke(gov.nasa.jpf.vm.JPF_java_lang_reflect_Method)
	at gov.nasa.jpf.util.test.TestJPF.runTestMethod(TestJPF.java:648)


====================================================== snapshot #1
thread java.lang.Thread:{id:0,name:main,status:RUNNING,priority:5,isDaemon:false,lockCount:0,suspendCount:0}
  call stack:
	at gov.nasa.jpf.util.test.TestJPF.runTestMethod(TestJPF.java:650)


====================================================== results
error #1: gov.nasa.jpf.vm.NoUncaughtExceptionsProperty "java.lang.ArithmeticException: division by zero  a..."

====================================================== search finished: 2/7/17 12:40 PM
  running jpf with args:
[WARNING] unknown classpath element: /Users/nshafiei/workspace-jpf/nhandler-ws/jpf-nhandler/build/jpf-nhandler-classes.jar
JavaPathfinder core system v8.0 (rev 32) - (C) 2005-2014 United States Government. All rights reserved.


====================================================== system under test
gov.nasa.jpf.test.mc.data.RandomTest.runTestMethod()

====================================================== search started: 2/7/17 12:40 PM
0
1
2
3

====================================================== results
no errors detected

====================================================== search finished: 2/7/17 12:40 PM
------------- ---------------- ---------------

Testcase: testRandomBFS took 0.395 sec
Testcase: testJavaUtilRandom took 0.128 sec
Testcase: testRandom took 0.095 sec
