Testsuite: gov.nasa.jpf.test.vm.basic.InitializeInterfaceClassObjectRefTest
Tests run: 1, Failures: 0, Errors: 0, Skipped: 0, Time elapsed: 0.423 sec
------------- Standard Output ---------------
  running jpf with args: +log.finest+=,gov.nasa.jpf.vm.ClassInfo
[WARNING] unknown classpath element: /Users/nshafiei/workspace-jpf/nhandler-ws/jpf-nhandler/build/jpf-nhandler-classes.jar
JavaPathfinder core system v8.0 (rev 32) - (C) 2005-2014 United States Government. All rights reserved.


====================================================== system under test
gov.nasa.jpf.test.vm.basic.InitializeInterfaceClassObjectRefTest.runTestMethod()

====================================================== search started: 2/7/17 12:41 PM

====================================================== error 1
gov.nasa.jpf.vm.NoUncaughtExceptionsProperty
java.lang.RuntimeException: This test throws an expected exception.
	at gov.nasa.jpf.test.vm.basic.InitializeInterfaceClassObjectRefTest.test(InitializeInterfaceClassObjectRefTest.java:41)
	at java.lang.reflect.Method.invoke(gov.nasa.jpf.vm.JPF_java_lang_reflect_Method)
	at gov.nasa.jpf.util.test.TestJPF.runTestMethod(TestJPF.java:648)


====================================================== snapshot #1
thread java.lang.Thread:{id:0,name:main,status:RUNNING,priority:5,isDaemon:false,lockCount:0,suspendCount:0}
  call stack:
	at gov.nasa.jpf.util.test.TestJPF.runTestMethod(TestJPF.java:650)


====================================================== results
error #1: gov.nasa.jpf.vm.NoUncaughtExceptionsProperty "java.lang.RuntimeException: This test throws an ex..."

====================================================== search finished: 2/7/17 12:41 PM
------------- ---------------- ---------------

Testcase: test took 0.41 sec
