Testsuite: gov.nasa.jpf.test.mc.basic.SharedRefTest
Tests run: 4, Failures: 0, Errors: 0, Skipped: 0, Time elapsed: 0.847 sec
------------- Standard Output ---------------
  running jpf with args:
[WARNING] unknown classpath element: /Users/nshafiei/workspace-jpf/nhandler-ws/jpf-nhandler/build/jpf-nhandler-classes.jar
JavaPathfinder core system v8.0 (rev 32) - (C) 2005-2014 United States Government. All rights reserved.


====================================================== system under test
gov.nasa.jpf.test.mc.basic.SharedRefTest.runTestMethod()

====================================================== search started: 2/7/17 12:40 PM

====================================================== error 1
gov.nasa.jpf.vm.NoUncaughtExceptionsProperty
java.lang.AssertionError: Argh, data race for o
	at gov.nasa.jpf.test.mc.basic.SharedRefTest.run(SharedRefTest.java:53)


====================================================== snapshot #1
thread java.lang.Thread:{id:1,name:Thread-1,status:RUNNING,priority:5,isDaemon:false,lockCount:0,suspendCount:0}
  call stack:
	at gov.nasa.jpf.test.mc.basic.SharedRefTest.run(SharedRefTest.java:53)


====================================================== results
error #1: gov.nasa.jpf.vm.NoUncaughtExceptionsProperty "java.lang.AssertionError: Argh, data race for o  a..."

====================================================== search finished: 2/7/17 12:40 PM
  running jpf with args:
[WARNING] unknown classpath element: /Users/nshafiei/workspace-jpf/nhandler-ws/jpf-nhandler/build/jpf-nhandler-classes.jar
JavaPathfinder core system v8.0 (rev 32) - (C) 2005-2014 United States Government. All rights reserved.


====================================================== system under test
gov.nasa.jpf.test.mc.basic.SharedRefTest.runTestMethod()

====================================================== search started: 2/7/17 12:40 PM

====================================================== results
no errors detected

====================================================== search finished: 2/7/17 12:40 PM
  running jpf with args:
[WARNING] unknown classpath element: /Users/nshafiei/workspace-jpf/nhandler-ws/jpf-nhandler/build/jpf-nhandler-classes.jar
JavaPathfinder core system v8.0 (rev 32) - (C) 2005-2014 United States Government. All rights reserved.


====================================================== system under test
gov.nasa.jpf.test.mc.basic.SharedRefTest.runTestMethod()

====================================================== search started: 2/7/17 12:40 PM
M inc
M dec
T inc
T dec
T inc
T dec
M inc
M dec

====================================================== results
no errors detected

====================================================== search finished: 2/7/17 12:40 PM
  running jpf with args:
[WARNING] unknown classpath element: /Users/nshafiei/workspace-jpf/nhandler-ws/jpf-nhandler/build/jpf-nhandler-classes.jar
JavaPathfinder core system v8.0 (rev 32) - (C) 2005-2014 United States Government. All rights reserved.


====================================================== system under test
gov.nasa.jpf.test.mc.basic.SharedRefTest.runTestMethod()

====================================================== search started: 2/7/17 12:40 PM

====================================================== error 1
gov.nasa.jpf.vm.NoUncaughtExceptionsProperty
java.lang.AssertionError: Argh, data race for o
	at gov.nasa.jpf.test.mc.basic.SharedRefTest.run(SharedRefTest.java:53)


====================================================== snapshot #1
thread java.lang.Thread:{id:1,name:Thread-1,status:RUNNING,priority:5,isDaemon:false,lockCount:0,suspendCount:0}
  call stack:
	at gov.nasa.jpf.test.mc.basic.SharedRefTest.run(SharedRefTest.java:53)

thread java.lang.Thread:{id:2,name:Thread-2,status:RUNNING,priority:5,isDaemon:false,lockCount:0,suspendCount:0}
  call stack:
	at gov.nasa.jpf.test.mc.basic.SharedRefTest.run(SharedRefTest.java:53)


====================================================== results
error #1: gov.nasa.jpf.vm.NoUncaughtExceptionsProperty "java.lang.AssertionError: Argh, data race for o  a..."

====================================================== search finished: 2/7/17 12:40 PM
------------- ---------------- ---------------

Testcase: testSharedStaticRoot took 0.427 sec
Testcase: testNonShared took 0.209 sec
Testcase: testShareControl took 0.106 sec
Testcase: testShared took 0.091 sec
