Testsuite: gov.nasa.jpf.test.basic.HarnessTest
Tests run: 6, Failures: 0, Errors: 0, Skipped: 0, Time elapsed: 0.914 sec
------------- Standard Output ---------------
  running jpf with args:
[WARNING] unknown classpath element: /Users/nshafiei/workspace-jpf/nhandler-ws/jpf-nhandler/build/jpf-nhandler-classes.jar
JavaPathfinder core system v8.0 (rev 32) - (C) 2005-2014 United States Government. All rights reserved.


====================================================== system under test
gov.nasa.jpf.test.basic.HarnessTest.runTestMethod()

====================================================== search started: 2/7/17 12:39 PM
** this is verifyAssert() - JPF should find an AssertionError

====================================================== error 1
gov.nasa.jpf.vm.NoUncaughtExceptionsProperty
java.lang.AssertionError: wrong answer..
	at gov.nasa.jpf.test.basic.HarnessTest.verifyAssert(HarnessTest.java:48)
	at java.lang.reflect.Method.invoke(gov.nasa.jpf.vm.JPF_java_lang_reflect_Method)
	at gov.nasa.jpf.util.test.TestJPF.runTestMethod(TestJPF.java:648)


====================================================== snapshot #1
thread java.lang.Thread:{id:0,name:main,status:RUNNING,priority:5,isDaemon:false,lockCount:0,suspendCount:0}
  call stack:
	at gov.nasa.jpf.util.test.TestJPF.runTestMethod(TestJPF.java:650)


====================================================== results
error #1: gov.nasa.jpf.vm.NoUncaughtExceptionsProperty "java.lang.AssertionError: wrong answer..  at gov.n..."

====================================================== search finished: 2/7/17 12:39 PM
  running jpf with args: +vm.class=InvalidVMClass +pass_exceptions
[SEVERE] JPF configuration error: class not found InvalidVMClass by classloader: gov.nasa.jpf.JPFClassLoader@5479e3f
  running jpf with args:
[WARNING] unknown classpath element: /Users/nshafiei/workspace-jpf/nhandler-ws/jpf-nhandler/build/jpf-nhandler-classes.jar
JavaPathfinder core system v8.0 (rev 32) - (C) 2005-2014 United States Government. All rights reserved.


====================================================== system under test
gov.nasa.jpf.test.basic.HarnessTest.runTestMethod()

====================================================== search started: 2/7/17 12:39 PM
** this is noViolation() - it should succeed

====================================================== results
no errors detected

====================================================== search finished: 2/7/17 12:39 PM
  running jpf with args:
[WARNING] unknown classpath element: /Users/nshafiei/workspace-jpf/nhandler-ws/jpf-nhandler/build/jpf-nhandler-classes.jar
JavaPathfinder core system v8.0 (rev 32) - (C) 2005-2014 United States Government. All rights reserved.


====================================================== system under test
gov.nasa.jpf.test.basic.HarnessTest.runTestMethod()

====================================================== search started: 2/7/17 12:39 PM
** this is low level API test - it should succeed

====================================================== results
no errors detected

====================================================== search finished: 2/7/17 12:39 PM
  running jpf with args:
[WARNING] unknown classpath element: /Users/nshafiei/workspace-jpf/nhandler-ws/jpf-nhandler/build/jpf-nhandler-classes.jar
JavaPathfinder core system v8.0 (rev 32) - (C) 2005-2014 United States Government. All rights reserved.


====================================================== system under test
gov.nasa.jpf.test.basic.HarnessTest.runTestMethod()

====================================================== search started: 2/7/17 12:39 PM
** this is verifyRuntimeException() - JPF should find an unhandled exception

====================================================== error 1
gov.nasa.jpf.vm.NoUncaughtExceptionsProperty
java.lang.RuntimeException: Bang!
	at gov.nasa.jpf.test.basic.HarnessTest.verifyRuntimeException(HarnessTest.java:68)
	at java.lang.reflect.Method.invoke(gov.nasa.jpf.vm.JPF_java_lang_reflect_Method)
	at gov.nasa.jpf.util.test.TestJPF.runTestMethod(TestJPF.java:648)


====================================================== snapshot #1
thread java.lang.Thread:{id:0,name:main,status:RUNNING,priority:5,isDaemon:false,lockCount:0,suspendCount:0}
  call stack:
	at gov.nasa.jpf.util.test.TestJPF.runTestMethod(TestJPF.java:650)


====================================================== results
error #1: gov.nasa.jpf.vm.NoUncaughtExceptionsProperty "java.lang.RuntimeException: Bang!  at gov.nasa.jpf..."

====================================================== search finished: 2/7/17 12:39 PM
  running jpf with args:
[WARNING] unknown classpath element: /Users/nshafiei/workspace-jpf/nhandler-ws/jpf-nhandler/build/jpf-nhandler-classes.jar
JavaPathfinder core system v8.0 (rev 32) - (C) 2005-2014 United States Government. All rights reserved.


====================================================== system under test
gov.nasa.jpf.test.basic.HarnessTest.runTestMethod()

====================================================== search started: 2/7/17 12:39 PM
** this is verifyNullPointerException() - JPF should find an NPE

====================================================== error 1
gov.nasa.jpf.vm.NoUncaughtExceptionsProperty
java.lang.NullPointerException: Calling 'length()I' on null object
	at gov.nasa.jpf.test.basic.HarnessTest.verifyNullPointerException(HarnessTest.java:59)
	at java.lang.reflect.Method.invoke(gov.nasa.jpf.vm.JPF_java_lang_reflect_Method)
	at gov.nasa.jpf.util.test.TestJPF.runTestMethod(TestJPF.java:648)


====================================================== snapshot #1
thread java.lang.Thread:{id:0,name:main,status:RUNNING,priority:5,isDaemon:false,lockCount:0,suspendCount:0}
  call stack:
	at gov.nasa.jpf.util.test.TestJPF.runTestMethod(TestJPF.java:650)


====================================================== results
error #1: gov.nasa.jpf.vm.NoUncaughtExceptionsProperty "java.lang.NullPointerException: Calling 'length()I..."

====================================================== search finished: 2/7/17 12:39 PM
------------- ---------------- ---------------

Testcase: verifyAssert took 0.5 sec
Testcase: verifyJPFExcept took 0.006 sec
Testcase: noViolation took 0.13 sec
Testcase: testLowLevelAPI took 0.104 sec
Testcase: verifyRuntimeException took 0.078 sec
Testcase: verifyNullPointerException took 0.082 sec
